<?xml version="1.0" encoding="UTF-8"?>
<testng-results ignored="0" total="1" passed="1" failed="0" skipped="0">
  <reporter-output>
  </reporter-output>
  <suite started-at="2022-02-22T19:18:08 WIB" name="Default suite" finished-at="2022-02-22T19:18:10 WIB" duration-ms="2498">
    <groups>
    </groups>
    <test started-at="2022-02-22T19:18:08 WIB" name="Default test" finished-at="2022-02-22T19:18:10 WIB" duration-ms="2498">
      <class name="testing.Query">
        <test-method signature="isCEONameMatch()[pri:0, instance:testing.Query@22ef9844]" started-at="2022-02-22T19:18:08 WIB" name="isCEONameMatch" finished-at="2022-02-22T19:18:10 WIB" duration-ms="2476" status="PASS">
          <reporter-output>
          </reporter-output>
        </test-method> <!-- isCEONameMatch -->
      </class> <!-- testing.Query -->
    </test> <!-- Default test -->
  </suite> <!-- Default suite -->
</testng-results>
